 Results for Radiation Lengths
 Lrad =    3.781062     , Lrad(prime) =    4.215688    
 Coulomb correction f =   0.2818089    
 Radiation Length X0 =    6.763475    
 Radiation parameter b =    1.362675    
 Thickness =    1.426781      radiation lengths
 looping =  T , nloops =           29
 remaining thickness =  -2.3218725E-02
 Starting Loop Number            1
 Starting Loop Number            2
 Starting Loop Number            3
 Starting Loop Number            4
 Starting Loop Number            5
 Starting Loop Number            6
 Starting Loop Number            7
 Starting Loop Number            8
 Starting Loop Number            9
 Starting Loop Number           10
 Starting Loop Number           11
 Starting Loop Number           12
 Starting Loop Number           13
 Starting Loop Number           14
 Starting Loop Number           15
 Starting Loop Number           16
 Starting Loop Number           17
 Starting Loop Number           18
 Starting Loop Number           19
 Starting Loop Number           20
 Starting Loop Number           21
 Starting Loop Number           22
 Starting Loop Number           23
 Starting Loop Number           24
 Starting Loop Number           25
 Starting Loop Number           26
 Starting Loop Number           27
 Starting Loop Number           28
 Starting Loop Number           29
 Starting Last Iteration
